<?xml version="1.0" encoding="UTF-8"?>
<!-- Generated by org.testng.reporters.JUnitXMLReporter -->
<testsuite hostname="ML01W7U" name="Default test" tests="3" failures="0" timestamp="15 Oct 2013 03:12:38 GMT" time="219.873" errors="0">
  <testcase name="test00_MobileClient_Login" time="26.912" classname="argos.saleslogix.selenium.test.UnitTestX"/>
  <testcase name="test06_MBL10112_Accounts_NoFiltering" time="163.08" classname="argos.saleslogix.selenium.test.UnitTestX"/>
  <testcase name="test99_Mobile_LogOut" time="15.79" classname="argos.saleslogix.selenium.test.UnitTestX"/>
</testsuite> <!-- Default test -->
